05:24:47.288 [NamespaceSystem-akka.actor.default-dispatcher-5] INFO akka.event.slf4j.Slf4jLogger - Slf4jLogger started
05:24:47.705 [main] INFO com.firebase.server.forge.App$ - Listening at 127.0.0.1:9000
05:24:48.437 [NamespaceSystem-akka.actor.default-dispatcher-5] INFO com.firebase.core.namespace.NamespaceActor - demo-bonus-game-default-rtdb successfully activated FBKV (SurveyIdle(0)) wait: 311ms, init: 0ms
05:24:48.749 [NamespaceSystem-blocking-namespace-operation-dispatcher-7] INFO com.firebase.core.namespace.StateManager - Namespace demo-bonus-game-default-rtdb status Active to Active
05:24:49.453 [FirebaseWorkerPool-1-3] WARN com.firebase.core.persistence.backend.dummy.EmulatorMetadataPersistence - Multiple projectIds are not recommended in single project mode. Requested 
namespace demo-bonus-game, but the emulator is configured for demo-bonus-game-default-rtdb. To 
opt-out of single project mode add/set the singleProjectMode: false property in 
the firebase.json emulators config. 
05:24:49.459 [NamespaceSystem-akka.actor.default-dispatcher-5] INFO com.firebase.core.namespace.NamespaceActor - demo-bonus-game successfully activated FBKV (SurveyIdle(0)) wait: 1ms, init: 0ms
05:24:49.479 [NamespaceSystem-blocking-namespace-operation-dispatcher-7] INFO com.firebase.core.namespace.StateManager - Namespace demo-bonus-game status Active to Active
05:24:50.271 [FirebaseWorkerPool-1-3] WARN com.firebase.server.forge.App$ - Received service account token eyJh...fX0., assuming ownership.
05:24:50.517 [FirebaseWorkerPool-1-1] WARN com.firebase.server.forge.App$ - Received service account token eyJh...fX0., assuming ownership.
05:24:59.200 [FirebaseWorkerPool-1-3] WARN com.firebase.server.forge.App$ - Received service account token eyJh...X19., assuming ownership.
05:24:59.279 [FirebaseWorkerPool-1-1] WARN com.firebase.server.forge.App$ - Received service account token eyJh...X19., assuming ownership.
05:25:02.153 [FirebaseWorkerPool-1-3] WARN com.firebase.server.forge.App$ - Received service account token eyJh...9fQ., assuming ownership.
05:25:02.275 [FirebaseWorkerPool-1-1] WARN com.firebase.server.forge.App$ - Received service account token eyJh...9fQ., assuming ownership.
05:25:07.968 [FirebaseWorkerPool-1-4] WARN com.firebase.server.forge.App$ - Received service account token eyJh...9fQ., assuming ownership.
05:25:08.065 [FirebaseWorkerPool-1-2] WARN com.firebase.server.forge.App$ - Received service account token eyJh...9fQ., assuming ownership.
05:25:13.319 [FirebaseWorkerPool-1-1] WARN com.firebase.server.forge.App$ - Received service account token eyJh...fX0., assuming ownership.
05:25:13.382 [FirebaseWorkerPool-1-3] WARN com.firebase.server.forge.App$ - Received service account token eyJh...fX0., assuming ownership.
05:25:21.726 [FirebaseWorkerPool-1-2] WARN com.firebase.server.forge.App$ - Received service account token eyJh...fX0., assuming ownership.
05:25:21.838 [FirebaseWorkerPool-1-4] WARN com.firebase.server.forge.App$ - Received service account token eyJh...fX0., assuming ownership.
05:25:30.360 [FirebaseWorkerPool-1-2] WARN com.firebase.server.forge.App$ - Received service account token eyJh...X19., assuming ownership.
05:25:30.471 [FirebaseWorkerPool-1-4] WARN com.firebase.server.forge.App$ - Received service account token eyJh...X19., assuming ownership.
05:25:33.306 [FirebaseWorkerPool-1-2] WARN com.firebase.server.forge.App$ - Received service account token eyJh...9fQ., assuming ownership.
05:25:33.399 [FirebaseWorkerPool-1-4] WARN com.firebase.server.forge.App$ - Received service account token eyJh...9fQ., assuming ownership.
05:25:39.087 [FirebaseWorkerPool-1-3] WARN com.firebase.server.forge.App$ - Received service account token eyJh...9fQ., assuming ownership.
05:25:39.181 [FirebaseWorkerPool-1-1] WARN com.firebase.server.forge.App$ - Received service account token eyJh...9fQ., assuming ownership.
05:25:44.373 [FirebaseWorkerPool-1-4] WARN com.firebase.server.forge.App$ - Received service account token eyJh...fX0., assuming ownership.
05:25:44.434 [FirebaseWorkerPool-1-2] WARN com.firebase.server.forge.App$ - Received service account token eyJh...fX0., assuming ownership.
05:25:52.758 [FirebaseWorkerPool-1-1] WARN com.firebase.server.forge.App$ - Received service account token eyJh...fX0., assuming ownership.
05:25:52.838 [FirebaseWorkerPool-1-3] WARN com.firebase.server.forge.App$ - Received service account token eyJh...fX0., assuming ownership.
05:25:54.915 [FirebaseWorkerPool-1-1] WARN com.firebase.core.persistence.backend.dummy.EmulatorMetadataPersistence - Multiple projectIds are not recommended in single project mode. Requested 
namespace boost-8ef11-default-rtdb, but the emulator is configured for demo-bonus-game,demo-bonus-game-default-rtdb. To 
opt-out of single project mode add/set the singleProjectMode: false property in 
the firebase.json emulators config. 
05:25:54.925 [NamespaceSystem-akka.actor.default-dispatcher-8] INFO com.firebase.core.namespace.NamespaceActor - boost-8ef11-default-rtdb successfully activated FBKV (SurveyIdle(0)) wait: 5ms, init: 0ms
05:26:01.301 [FirebaseWorkerPool-1-4] WARN com.firebase.server.forge.App$ - Received service account token eyJh...X19., assuming ownership.
05:26:01.393 [FirebaseWorkerPool-1-2] WARN com.firebase.server.forge.App$ - Received service account token eyJh...X19., assuming ownership.
05:26:04.301 [FirebaseWorkerPool-1-4] WARN com.firebase.server.forge.App$ - Received service account token eyJh...9fQ., assuming ownership.
05:26:04.377 [FirebaseWorkerPool-1-2] WARN com.firebase.server.forge.App$ - Received service account token eyJh...9fQ., assuming ownership.
05:26:10.060 [FirebaseWorkerPool-1-4] WARN com.firebase.server.forge.App$ - Received service account token eyJh...9fQ., assuming ownership.
05:26:10.135 [FirebaseWorkerPool-1-2] WARN com.firebase.server.forge.App$ - Received service account token eyJh...9fQ., assuming ownership.
05:26:15.327 [FirebaseWorkerPool-1-1] WARN com.firebase.server.forge.App$ - Received service account token eyJh...fX0., assuming ownership.
05:26:15.405 [FirebaseWorkerPool-1-3] WARN com.firebase.server.forge.App$ - Received service account token eyJh...fX0., assuming ownership.
05:26:23.680 [FirebaseWorkerPool-1-2] WARN com.firebase.server.forge.App$ - Received service account token eyJh...fX0., assuming ownership.
05:26:23.787 [FirebaseWorkerPool-1-4] WARN com.firebase.server.forge.App$ - Received service account token eyJh...fX0., assuming ownership.
05:26:32.229 [FirebaseWorkerPool-1-2] WARN com.firebase.server.forge.App$ - Received service account token eyJh...X19., assuming ownership.
05:26:32.322 [FirebaseWorkerPool-1-4] WARN com.firebase.server.forge.App$ - Received service account token eyJh...X19., assuming ownership.
05:26:35.158 [FirebaseWorkerPool-1-2] WARN com.firebase.server.forge.App$ - Received service account token eyJh...9fQ., assuming ownership.
05:26:35.220 [FirebaseWorkerPool-1-4] WARN com.firebase.server.forge.App$ - Received service account token eyJh...9fQ., assuming ownership.
05:26:40.883 [FirebaseWorkerPool-1-3] WARN com.firebase.server.forge.App$ - Received service account token eyJh...9fQ., assuming ownership.
05:26:40.944 [FirebaseWorkerPool-1-1] WARN com.firebase.server.forge.App$ - Received service account token eyJh...9fQ., assuming ownership.
05:26:46.121 [FirebaseWorkerPool-1-4] WARN com.firebase.server.forge.App$ - Received service account token eyJh...fX0., assuming ownership.
05:26:46.184 [FirebaseWorkerPool-1-2] WARN com.firebase.server.forge.App$ - Received service account token eyJh...fX0., assuming ownership.
05:26:54.487 [FirebaseWorkerPool-1-1] WARN com.firebase.server.forge.App$ - Received service account token eyJh...fX0., assuming ownership.
05:26:54.565 [FirebaseWorkerPool-1-3] WARN com.firebase.server.forge.App$ - Received service account token eyJh...fX0., assuming ownership.
05:27:03.044 [FirebaseWorkerPool-1-1] WARN com.firebase.server.forge.App$ - Received service account token eyJh...X19., assuming ownership.
05:27:03.124 [FirebaseWorkerPool-1-3] WARN com.firebase.server.forge.App$ - Received service account token eyJh...X19., assuming ownership.
05:27:05.990 [FirebaseWorkerPool-1-1] WARN com.firebase.server.forge.App$ - Received service account token eyJh...9fQ., assuming ownership.
05:27:06.066 [FirebaseWorkerPool-1-3] WARN com.firebase.server.forge.App$ - Received service account token eyJh...9fQ., assuming ownership.
05:27:11.754 [FirebaseWorkerPool-1-2] WARN com.firebase.server.forge.App$ - Received service account token eyJh...9fQ., assuming ownership.
05:27:11.833 [FirebaseWorkerPool-1-4] WARN com.firebase.server.forge.App$ - Received service account token eyJh...9fQ., assuming ownership.
05:27:16.997 [FirebaseWorkerPool-1-3] WARN com.firebase.server.forge.App$ - Received service account token eyJh...fX0., assuming ownership.
05:27:17.073 [FirebaseWorkerPool-1-1] WARN com.firebase.server.forge.App$ - Received service account token eyJh...fX0., assuming ownership.
05:27:25.339 [FirebaseWorkerPool-1-4] WARN com.firebase.server.forge.App$ - Received service account token eyJh...fX0., assuming ownership.
05:27:25.449 [FirebaseWorkerPool-1-2] WARN com.firebase.server.forge.App$ - Received service account token eyJh...fX0., assuming ownership.
05:27:33.956 [FirebaseWorkerPool-1-4] WARN com.firebase.server.forge.App$ - Received service account token eyJh...X19., assuming ownership.
05:27:34.062 [FirebaseWorkerPool-1-2] WARN com.firebase.server.forge.App$ - Received service account token eyJh...X19., assuming ownership.
05:27:36.841 [FirebaseWorkerPool-1-4] WARN com.firebase.server.forge.App$ - Received service account token eyJh...9fQ., assuming ownership.
05:27:36.901 [FirebaseWorkerPool-1-2] WARN com.firebase.server.forge.App$ - Received service account token eyJh...9fQ., assuming ownership.
05:27:42.604 [FirebaseWorkerPool-1-1] WARN com.firebase.server.forge.App$ - Received service account token eyJh...9fQ., assuming ownership.
05:27:42.666 [FirebaseWorkerPool-1-3] WARN com.firebase.server.forge.App$ - Received service account token eyJh...9fQ., assuming ownership.
05:27:47.856 [FirebaseWorkerPool-1-1] WARN com.firebase.server.forge.App$ - Received service account token eyJh...fX0., assuming ownership.
05:27:47.920 [FirebaseWorkerPool-1-3] WARN com.firebase.server.forge.App$ - Received service account token eyJh...fX0., assuming ownership.
05:27:56.117 [FirebaseWorkerPool-1-2] WARN com.firebase.server.forge.App$ - Received service account token eyJh...fX0., assuming ownership.
05:27:56.195 [FirebaseWorkerPool-1-4] WARN com.firebase.server.forge.App$ - Received service account token eyJh...fX0., assuming ownership.
05:28:04.690 [FirebaseWorkerPool-1-2] WARN com.firebase.server.forge.App$ - Received service account token eyJh...X19., assuming ownership.
05:28:04.786 [FirebaseWorkerPool-1-4] WARN com.firebase.server.forge.App$ - Received service account token eyJh...X19., assuming ownership.
05:28:07.605 [FirebaseWorkerPool-1-2] WARN com.firebase.server.forge.App$ - Received service account token eyJh...9fQ., assuming ownership.
05:28:07.697 [FirebaseWorkerPool-1-4] WARN com.firebase.server.forge.App$ - Received service account token eyJh...9fQ., assuming ownership.
05:28:13.372 [FirebaseWorkerPool-1-3] WARN com.firebase.server.forge.App$ - Received service account token eyJh...9fQ., assuming ownership.
05:28:13.449 [FirebaseWorkerPool-1-1] WARN com.firebase.server.forge.App$ - Received service account token eyJh...9fQ., assuming ownership.
05:28:18.673 [FirebaseWorkerPool-1-4] WARN com.firebase.server.forge.App$ - Received service account token eyJh...fX0., assuming ownership.
05:28:18.733 [FirebaseWorkerPool-1-2] WARN com.firebase.server.forge.App$ - Received service account token eyJh...fX0., assuming ownership.
05:28:26.919 [FirebaseWorkerPool-1-1] WARN com.firebase.server.forge.App$ - Received service account token eyJh...fX0., assuming ownership.
05:28:27.014 [FirebaseWorkerPool-1-3] WARN com.firebase.server.forge.App$ - Received service account token eyJh...fX0., assuming ownership.
05:28:35.432 [FirebaseWorkerPool-1-1] WARN com.firebase.server.forge.App$ - Received service account token eyJh...X19., assuming ownership.
05:28:35.529 [FirebaseWorkerPool-1-3] WARN com.firebase.server.forge.App$ - Received service account token eyJh...X19., assuming ownership.
05:28:38.299 [FirebaseWorkerPool-1-1] WARN com.firebase.server.forge.App$ - Received service account token eyJh...9fQ., assuming ownership.
05:28:38.344 [FirebaseWorkerPool-1-3] WARN com.firebase.server.forge.App$ - Received service account token eyJh...9fQ., assuming ownership.
05:28:44.003 [FirebaseWorkerPool-1-2] WARN com.firebase.server.forge.App$ - Received service account token eyJh...9fQ., assuming ownership.
05:28:44.078 [FirebaseWorkerPool-1-4] WARN com.firebase.server.forge.App$ - Received service account token eyJh...9fQ., assuming ownership.
05:28:49.271 [FirebaseWorkerPool-1-3] WARN com.firebase.server.forge.App$ - Received service account token eyJh...fX0., assuming ownership.
05:28:49.332 [FirebaseWorkerPool-1-1] WARN com.firebase.server.forge.App$ - Received service account token eyJh...fX0., assuming ownership.
05:28:57.562 [FirebaseWorkerPool-1-4] WARN com.firebase.server.forge.App$ - Received service account token eyJh...fX0., assuming ownership.
05:28:57.671 [FirebaseWorkerPool-1-2] WARN com.firebase.server.forge.App$ - Received service account token eyJh...fX0., assuming ownership.
05:29:06.088 [FirebaseWorkerPool-1-4] WARN com.firebase.server.forge.App$ - Received service account token eyJh...X19., assuming ownership.
05:29:06.170 [FirebaseWorkerPool-1-2] WARN com.firebase.server.forge.App$ - Received service account token eyJh...X19., assuming ownership.
05:29:09.003 [FirebaseWorkerPool-1-4] WARN com.firebase.server.forge.App$ - Received service account token eyJh...9fQ., assuming ownership.
05:29:09.065 [FirebaseWorkerPool-1-2] WARN com.firebase.server.forge.App$ - Received service account token eyJh...9fQ., assuming ownership.
05:29:14.717 [FirebaseWorkerPool-1-1] WARN com.firebase.server.forge.App$ - Received service account token eyJh...9fQ., assuming ownership.
05:29:14.781 [FirebaseWorkerPool-1-3] WARN com.firebase.server.forge.App$ - Received service account token eyJh...9fQ., assuming ownership.
05:29:19.947 [FirebaseWorkerPool-1-2] WARN com.firebase.server.forge.App$ - Received service account token eyJh...fX0., assuming ownership.
05:29:19.995 [FirebaseWorkerPool-1-4] WARN com.firebase.server.forge.App$ - Received service account token eyJh...fX0., assuming ownership.
05:29:28.258 [FirebaseWorkerPool-1-3] WARN com.firebase.server.forge.App$ - Received service account token eyJh...fX0., assuming ownership.
05:29:28.352 [FirebaseWorkerPool-1-1] WARN com.firebase.server.forge.App$ - Received service account token eyJh...fX0., assuming ownership.
05:29:36.909 [FirebaseWorkerPool-1-3] WARN com.firebase.server.forge.App$ - Received service account token eyJh...X19., assuming ownership.
05:29:36.939 [FirebaseWorkerPool-1-1] WARN com.firebase.server.forge.App$ - Received service account token eyJh...X19., assuming ownership.
05:29:39.749 [FirebaseWorkerPool-1-3] WARN com.firebase.server.forge.App$ - Received service account token eyJh...9fQ., assuming ownership.
05:29:39.810 [FirebaseWorkerPool-1-1] WARN com.firebase.server.forge.App$ - Received service account token eyJh...9fQ., assuming ownership.
05:29:45.485 [FirebaseWorkerPool-1-4] WARN com.firebase.server.forge.App$ - Received service account token eyJh...9fQ., assuming ownership.
05:29:45.532 [FirebaseWorkerPool-1-2] WARN com.firebase.server.forge.App$ - Received service account token eyJh...9fQ., assuming ownership.
05:29:50.706 [FirebaseWorkerPool-1-1] WARN com.firebase.server.forge.App$ - Received service account token eyJh...fX0., assuming ownership.
05:29:50.770 [FirebaseWorkerPool-1-3] WARN com.firebase.server.forge.App$ - Received service account token eyJh...fX0., assuming ownership.
