[debug] [2026-06-22T21:56:41.175Z] ----------------------------------------------------------------------
[debug] [2026-06-22T21:56:41.178Z] Command:       C:\Program Files\nodejs\node.exe C:\Users\Admin\AppData\Roaming\npm\node_modules\firebase-tools\lib\bin\firebase.js deploy --only hosting
[debug] [2026-06-22T21:56:41.178Z] CLI Version:   15.14.0
[debug] [2026-06-22T21:56:41.178Z] Platform:      win32
[debug] [2026-06-22T21:56:41.179Z] Node Version:  v24.14.1
[debug] [2026-06-22T21:56:41.179Z] Time:          Tue Jun 23 2026 00:56:41 GMT+0300 (שעון ישראל (קיץ))
[debug] [2026-06-22T21:56:41.179Z] ----------------------------------------------------------------------
[debug] 
[debug] [2026-06-22T21:56:41.182Z] >>> [apiv2][query] GET https://firebase-public.firebaseio.com/cli.json [none]
[debug] [2026-06-22T21:56:46.739Z] > command requires scopes: ["email","openid","https://www.googleapis.com/auth/cloudplatformprojects.readonly","https://www.googleapis.com/auth/firebase","https://www.googleapis.com/auth/cloud-platform"]
[debug] [2026-06-22T21:56:46.740Z] > authorizing via signed-in user (nachum.a.rubin@gmail.com)
[debug] [2026-06-22T21:56:46.740Z] [iam] checking project boost-8ef11 for permissions ["firebase.projects.get","firebasehosting.sites.update"]
[debug] [2026-06-22T21:56:46.740Z] Checked if tokens are valid: false, expires at: 1782082798226
[debug] [2026-06-22T21:56:46.741Z] Checked if tokens are valid: false, expires at: 1782082798226
[debug] [2026-06-22T21:56:46.741Z] > refreshing access token with scopes: []
[debug] [2026-06-22T21:56:46.743Z] >>> [apiv2][query] POST https://www.googleapis.com/oauth2/v3/token [none]
[debug] [2026-06-22T21:56:46.743Z] >>> [apiv2][body] POST https://www.googleapis.com/oauth2/v3/token [omitted]
[debug] [2026-06-22T21:56:47.101Z] <<< [apiv2][status] GET https://firebase-public.firebaseio.com/cli.json 200
[debug] [2026-06-22T21:56:47.102Z] <<< [apiv2][body] GET https://firebase-public.firebaseio.com/cli.json {"cloudBuildErrorAfter":1594252800000,"cloudBuildWarnAfter":1590019200000,"defaultNode10After":1594252800000,"minVersion":"3.0.5","node8DeploysDisabledAfter":1613390400000,"node8RuntimeDisabledAfter":1615809600000,"node8WarnAfter":1600128000000}
[debug] [2026-06-22T21:56:47.127Z] <<< [apiv2][status] POST https://www.googleapis.com/oauth2/v3/token 200
[debug] [2026-06-22T21:56:47.127Z] <<< [apiv2][body] POST https://www.googleapis.com/oauth2/v3/token [omitted]
[debug] [2026-06-22T21:56:47.146Z] >>> [apiv2][query] POST https://cloudresourcemanager.googleapis.com/v1/projects/boost-8ef11:testIamPermissions [none]
[debug] [2026-06-22T21:56:47.146Z] >>> [apiv2][(partial)header] POST https://cloudresourcemanager.googleapis.com/v1/projects/boost-8ef11:testIamPermissions  x-goog-user-project=boost-8ef11
[debug] [2026-06-22T21:56:47.146Z] >>> [apiv2][body] POST https://cloudresourcemanager.googleapis.com/v1/projects/boost-8ef11:testIamPermissions {"permissions":["firebase.projects.get","firebasehosting.sites.update"]}
[debug] [2026-06-22T21:56:48.116Z] <<< [apiv2][status] POST https://cloudresourcemanager.googleapis.com/v1/projects/boost-8ef11:testIamPermissions 200
[debug] [2026-06-22T21:56:48.116Z] <<< [apiv2][body] POST https://cloudresourcemanager.googleapis.com/v1/projects/boost-8ef11:testIamPermissions {"permissions":["firebase.projects.get","firebasehosting.sites.update"]}
[debug] [2026-06-22T21:56:48.118Z] Checked if tokens are valid: true, expires at: 1782169006128
[debug] [2026-06-22T21:56:48.119Z] Checked if tokens are valid: true, expires at: 1782169006128
[debug] [2026-06-22T21:56:48.120Z] >>> [apiv2][query] GET https://firebase.googleapis.com/v1beta1/projects/boost-8ef11 [none]
[debug] [2026-06-22T21:56:48.521Z] <<< [apiv2][status] GET https://firebase.googleapis.com/v1beta1/projects/boost-8ef11 200
[debug] [2026-06-22T21:56:48.521Z] <<< [apiv2][body] GET https://firebase.googleapis.com/v1beta1/projects/boost-8ef11 {"projectId":"boost-8ef11","projectNumber":"816797852120","displayName":"Boost","name":"projects/boost-8ef11","resources":{"hostingSite":"boost-8ef11","realtimeDatabaseInstance":"boost-8ef11-default-rtdb"},"state":"ACTIVE","etag":"1_7c31a483-d656-42e5-8223-7b69bd0b9fb7"}
[info] 
[info] === Deploying to 'boost-8ef11'...
[info] 
[info] i  deploying hosting 
[debug] [2026-06-22T21:56:48.527Z] Checked if tokens are valid: true, expires at: 1782169006128
[debug] [2026-06-22T21:56:48.527Z] Checked if tokens are valid: true, expires at: 1782169006128
[debug] [2026-06-22T21:56:48.527Z] >>> [apiv2][query] POST https://firebasehosting.googleapis.com/v1beta1/projects/-/sites/boost-8ef11/versions [none]
[debug] [2026-06-22T21:56:48.528Z] >>> [apiv2][body] POST https://firebasehosting.googleapis.com/v1beta1/projects/-/sites/boost-8ef11/versions {"status":"CREATED","labels":{"deployment-tool":"cli-firebase"}}
[debug] [2026-06-22T21:56:50.720Z] <<< [apiv2][status] POST https://firebasehosting.googleapis.com/v1beta1/projects/-/sites/boost-8ef11/versions 200
[debug] [2026-06-22T21:56:50.721Z] <<< [apiv2][body] POST https://firebasehosting.googleapis.com/v1beta1/projects/-/sites/boost-8ef11/versions {"name":"projects/816797852120/sites/boost-8ef11/versions/a6c56a46e3d53c2c","status":"CREATED","config":{},"labels":{"deployment-tool":"cli-firebase"}}
[info] i  hosting[boost-8ef11]: beginning deploy... 
[info] i  hosting[boost-8ef11]: found 451 files in . 
[debug] [2026-06-22T21:56:51.081Z] [hosting] uploading with 200 concurrency
